<?xml version="1.0" encoding="UTF-8"?>
<!-- Generated by org.testng.reporters.JUnitReportReporter -->
<testsuite hostname="IN-90DK1N3" failures="0" tests="1" name="testCases.Homepage" time="0.300" errors="0" timestamp="2024-02-08T16:42:27 IST" skipped="0">
  <testcase classname="testCases.Homepage" name="login" time="0.300"/>
  <system-out/>
</testsuite> <!-- testCases.Homepage -->
