<?xml version="1.0" encoding="UTF-8"?>
<!-- Generated by org.testng.reporters.JUnitReportReporter -->
<testsuite hostname="IN-90DK1N3" failures="0" tests="1" name="testCases.ProductSearch" time="3.013" errors="0" timestamp="2024-02-12T10:32:26 IST" skipped="0">
  <testcase classname="testCases.ProductSearch" name="productsearch" time="3.013"/>
  <system-out/>
</testsuite> <!-- testCases.ProductSearch -->
