<?xml version="1.0" encoding="UTF-8"?>
<!-- Generated by org.testng.reporters.JUnitReportReporter -->
<testsuite hostname="IN-90DK1N3" failures="0" tests="1" name="tests.Homepage" time="0.518" errors="0" timestamp="2024-01-18T14:03:38 IST" skipped="0">
  <testcase classname="tests.Homepage" name="login" time="0.518"/>
  <system-out/>
</testsuite> <!-- tests.Homepage -->
