<?xml version="1.0" encoding="UTF-8"?>
<!-- Generated by org.testng.reporters.JUnitReportReporter -->
<testsuite hostname="IN-90DK1N3" failures="0" tests="1" name="testCases.loginTest" time="4.579" errors="0" timestamp="2024-02-12T10:33:16 IST" skipped="0">
  <testcase classname="testCases.loginTest" name="login" time="4.579"/>
  <system-out/>
</testsuite> <!-- testCases.loginTest -->
