<?xml version="1.0" encoding="UTF-8"?>
<!-- Generated by org.testng.reporters.JUnitReportReporter -->
<testsuite hostname="IN-90DK1N3" failures="0" tests="1" name="testCases.DemoTest" time="8.549" errors="0" timestamp="2024-02-15T10:36:56 IST" skipped="0">
  <testcase classname="testCases.DemoTest" name="test1" time="8.549"/>
  <system-out/>
</testsuite> <!-- testCases.DemoTest -->
