<?xml version="1.0" encoding="UTF-8"?>
<!-- Generated by org.testng.reporters.JUnitReportReporter -->
<testsuite hostname="IN-90DK1N3" failures="0" tests="1" name="testCases.loginTest" time="4.395" errors="0" timestamp="2024-02-13T15:09:39 IST" skipped="0">
  <testcase classname="testCases.loginTest" name="login" time="4.395"/>
  <system-out/>
</testsuite> <!-- testCases.loginTest -->
